<?xml version="1.0" encoding="UTF-8"?>
<!-- Generated by org.testng.reporters.JUnitXMLReporter -->
<testsuite hostname="AZHAR" ignored="0" name="Test" tests="4" failures="0" timestamp="2021-01-29T18:51:09 IST" time="40.147" errors="0">
  <testcase name="testcase1" time="25.226" classname="paralleltest.C"/>
  <testcase name="testcase1" time="27.741" classname="paralleltest.B"/>
  <testcase name="testcase1" time="34.807" classname="paralleltest.D"/>
  <testcase name="testcase1" time="40.06" classname="paralleltest.A"/>
</testsuite> <!-- Test -->
