<?xml version="1.0" encoding="UTF-8"?>
<testng-results skipped="0" failed="0" ignored="0" total="1" passed="1">
  <reporter-output>
  </reporter-output>
  <suite name="Default suite" duration-ms="4860" started-at="2021-02-07T08:35:44 IST" finished-at="2021-02-07T08:35:49 IST">
    <groups>
    </groups>
    <test name="Default test" duration-ms="4860" started-at="2021-02-07T08:35:44 IST" finished-at="2021-02-07T08:35:49 IST">
      <class name="practice.AddAttachmentInJIRAExample">
        <test-method status="PASS" signature="validateCustomerAPIWithValidSecretKey()[pri:0, instance:practice.AddAttachmentInJIRAExample@2c039ac6]" name="validateCustomerAPIWithValidSecretKey" duration-ms="4797" started-at="2021-02-07T08:35:44 IST" finished-at="2021-02-07T08:35:49 IST">
          <reporter-output>
          </reporter-output>
        </test-method> <!-- validateCustomerAPIWithValidSecretKey -->
      </class> <!-- practice.AddAttachmentInJIRAExample -->
    </test> <!-- Default test -->
  </suite> <!-- Default suite -->
</testng-results>
